<?xml version="1.0" encoding="UTF-8"?>
<testsuite name="ru.netology.qa.ForAppiumTest" tests="3" skipped="0" failures="0" errors="0" timestamp="2022-01-17T21:10:34" hostname="DESKTOP-JOUMFLL" time="6.337">
  <properties/>
  <testcase name="inputNothing()" classname="ru.netology.qa.ForAppiumTest" time="1.302"/>
  <testcase name="inputSpace()" classname="ru.netology.qa.ForAppiumTest" time="2.202"/>
  <testcase name="newActivity()" classname="ru.netology.qa.ForAppiumTest" time="2.828"/>
  <system-out><![CDATA[]]></system-out>
  <system-err><![CDATA[янв. 18, 2022 12:10:34 AM io.appium.java_client.remote.AppiumCommandExecutor$1 lambda$0
INFO: Detected dialect: W3C
]]></system-err>
</testsuite>
