<?xml version="1.0" encoding="UTF-8"?>
<testsuite name="ru.netology.qa.ForAppiumTest" tests="1" skipped="0" failures="0" errors="0" timestamp="2022-01-16T21:25:37" hostname="DESKTOP-JOUMFLL" time="2.722">
  <properties/>
  <testcase name="newActivity()" classname="ru.netology.qa.ForAppiumTest" time="2.722"/>
  <system-out><![CDATA[]]></system-out>
  <system-err><![CDATA[янв. 17, 2022 12:25:37 AM io.appium.java_client.remote.AppiumCommandExecutor$1 lambda$0
INFO: Detected dialect: W3C
]]></system-err>
</testsuite>
